2025-04-04 10:40:17.155195 - Received CBT.V508.FILE495.PDS from FILE495.XMI 
2025-04-04 10:40:17.161024 - Found $$$#DATE.txt (text/plain) in CBT.V508.FILE495.PDS, moved to PDS/$$$#DATE
2025-04-04 10:40:17.161179 - Found $$$NOTE1.eml (message/rfc822) in CBT.V508.FILE495.PDS, moved to PDS/$$$NOTE1
2025-04-04 10:40:17.161326 - Found $$$NOTE2.eml (message/rfc822) in CBT.V508.FILE495.PDS, moved to PDS/$$$NOTE2
2025-04-04 10:40:17.161456 - Found $$$NOTE3.eml (message/rfc822) in CBT.V508.FILE495.PDS, moved to PDS/$$$NOTE3
2025-04-04 10:40:17.161582 - Found $BOOKINS.txt (text/plain) in CBT.V508.FILE495.PDS, moved to PDS/$BOOKINS
2025-04-04 10:40:17.161754 - Found $CHANGES.txt (text/plain) in CBT.V508.FILE495.PDS, moved to PDS/$CHANGES
2025-04-04 10:40:17.161914 - Found $DYNDTL.txt (text/plain) in CBT.V508.FILE495.PDS, moved to PDS/$DYNDTL
2025-04-04 10:40:17.162072 - Found $DYNMENU.bin (application/octet-stream) in CBT.V508.FILE495.PDS, moved to PDS/$DYNMENU
2025-04-04 10:40:17.162215 - Found $FILE495.txt (text/plain) in CBT.V508.FILE495.PDS, moved to PDS/$FILE495
2025-04-04 10:40:17.162362 - Found $INSTALL.txt (text/plain) in CBT.V508.FILE495.PDS, moved to PDS/$INSTALL
2025-04-04 10:40:17.162490 - Found $README.txt (text/plain) in CBT.V508.FILE495.PDS, moved to PDS/$README
2025-04-04 10:40:17.162624 - Found $READWAC.txt (text/plain) in CBT.V508.FILE495.PDS, moved to PDS/$READWAC
2025-04-04 10:40:17.162771 - Found @$AVRS.rexx (text/plain) in CBT.V508.FILE495.PDS, moved to PDS/@$AVRS
2025-04-04 10:40:17.162924 - Found @ABNDAID.rexx (text/plain) in CBT.V508.FILE495.PDS, moved to PDS/@ABNDAID
2025-04-04 10:40:17.163061 - Found @ACF2.rexx (text/plain) in CBT.V508.FILE495.PDS, moved to PDS/@ACF2
2025-04-04 10:40:17.163201 - Found @AMDSADD.rexx (text/plain) in CBT.V508.FILE495.PDS, moved to PDS/@AMDSADD
2025-04-04 10:40:17.163354 - Found @APA.rexx (text/plain) in CBT.V508.FILE495.PDS, moved to PDS/@APA
2025-04-04 10:40:17.163484 - Found @APPC.rexx (text/plain) in CBT.V508.FILE495.PDS, moved to PDS/@APPC
2025-04-04 10:40:17.163664 - Found @ASM2.rexx (text/plain) in CBT.V508.FILE495.PDS, moved to PDS/@ASM2
2025-04-04 10:40:17.163826 - Found @ASTEX.rexx (text/plain) in CBT.V508.FILE495.PDS, moved to PDS/@ASTEX
2025-04-04 10:40:17.164019 - Found @ASU.rexx (text/plain) in CBT.V508.FILE495.PDS, moved to PDS/@ASU
2025-04-04 10:40:17.164169 - Found @AXCIS.rexx (text/plain) in CBT.V508.FILE495.PDS, moved to PDS/@AXCIS
2025-04-04 10:40:17.164334 - Found @BDT.rexx (text/plain) in CBT.V508.FILE495.PDS, moved to PDS/@BDT
2025-04-04 10:40:17.164469 - Found @BOOKBLD.rexx (text/plain) in CBT.V508.FILE495.PDS, moved to PDS/@BOOKBLD
2025-04-04 10:40:17.164601 - Found @BOOKDBC.rexx (text/plain) in CBT.V508.FILE495.PDS, moved to PDS/@BOOKDBC
2025-04-04 10:40:17.164730 - Found @BOOKIND.rexx (text/plain) in CBT.V508.FILE495.PDS, moved to PDS/@BOOKIND
2025-04-04 10:40:17.164861 - Found @BOOKRED.rexx (text/plain) in CBT.V508.FILE495.PDS, moved to PDS/@BOOKRED
2025-04-04 10:40:17.165006 - Found @CADISK.rexx (text/plain) in CBT.V508.FILE495.PDS, moved to PDS/@CADISK
2025-04-04 10:40:17.165132 - Found @CALIBR.rexx (text/plain) in CBT.V508.FILE495.PDS, moved to PDS/@CALIBR
2025-04-04 10:40:17.165274 - Found @CAOPERA.rexx (text/plain) in CBT.V508.FILE495.PDS, moved to PDS/@CAOPERA
2025-04-04 10:40:17.165402 - Found @CAOPT.rexx (text/plain) in CBT.V508.FILE495.PDS, moved to PDS/@CAOPT
2025-04-04 10:40:17.165550 - Found @CASPOOL.rexx (text/plain) in CBT.V508.FILE495.PDS, moved to PDS/@CASPOOL
2025-04-04 10:40:17.165667 - Found @CATLMS.rexx (text/plain) in CBT.V508.FILE495.PDS, moved to PDS/@CATLMS
2025-04-04 10:40:17.165806 - Found @CATSS.rexx (text/plain) in CBT.V508.FILE495.PDS, moved to PDS/@CATSS
2025-04-04 10:40:17.165933 - Found @CAVTAPE.rexx (text/plain) in CBT.V508.FILE495.PDS, moved to PDS/@CAVTAPE
2025-04-04 10:40:17.166091 - Found @CAXCOM.rexx (text/plain) in CBT.V508.FILE495.PDS, moved to PDS/@CAXCOM
2025-04-04 10:40:17.166208 - Found @CA1.rexx (text/plain) in CBT.V508.FILE495.PDS, moved to PDS/@CA1
2025-04-04 10:40:17.166345 - Found @CA11.rexx (text/plain) in CBT.V508.FILE495.PDS, moved to PDS/@CA11
2025-04-04 10:40:17.166495 - Found @CA7.rexx (text/plain) in CBT.V508.FILE495.PDS, moved to PDS/@CA7
2025-04-04 10:40:17.166640 - Found @CICMEU1.rexx (text/plain) in CBT.V508.FILE495.PDS, moved to PDS/@CICMEU1
2025-04-04 10:40:17.166759 - Found @CICMEU2.rexx (text/plain) in CBT.V508.FILE495.PDS, moved to PDS/@CICMEU2
2025-04-04 10:40:17.166898 - Found @COMMAND.rexx (text/plain) in CBT.V508.FILE495.PDS, moved to PDS/@COMMAND
2025-04-04 10:40:17.167042 - Found @COMPARX.rexx (text/plain) in CBT.V508.FILE495.PDS, moved to PDS/@COMPARX
2025-04-04 10:40:17.167175 - Found @CPSM.rexx (text/plain) in CBT.V508.FILE495.PDS, moved to PDS/@CPSM
2025-04-04 10:40:17.167311 - Found @CTLGSOL.rexx (text/plain) in CBT.V508.FILE495.PDS, moved to PDS/@CTLGSOL
2025-04-04 10:40:17.167448 - Found @CWLMA.rexx (text/plain) in CBT.V508.FILE495.PDS, moved to PDS/@CWLMA
2025-04-04 10:40:17.167571 - Found @CWUTILS.rexx (text/plain) in CBT.V508.FILE495.PDS, moved to PDS/@CWUTILS
2025-04-04 10:40:17.167690 - Found @DB2ADM.rexx (text/plain) in CBT.V508.FILE495.PDS, moved to PDS/@DB2ADM
2025-04-04 10:40:17.167806 - Found @DB2I.rexx (text/plain) in CBT.V508.FILE495.PDS, moved to PDS/@DB2I
2025-04-04 10:40:17.167925 - Found @DCECONF.rexx (text/plain) in CBT.V508.FILE495.PDS, moved to PDS/@DCECONF
2025-04-04 10:40:17.168066 - Found @DELIVER.rexx (text/plain) in CBT.V508.FILE495.PDS, moved to PDS/@DELIVER
2025-04-04 10:40:17.168197 - Found @DFSCONF.rexx (text/plain) in CBT.V508.FILE495.PDS, moved to PDS/@DFSCONF
2025-04-04 10:40:17.168320 - Found @DFSORT.rexx (text/plain) in CBT.V508.FILE495.PDS, moved to PDS/@DFSORT
2025-04-04 10:40:17.168452 - Found @DITTO.rexx (text/plain) in CBT.V508.FILE495.PDS, moved to PDS/@DITTO
2025-04-04 10:40:17.168600 - Found @DMPMSTI.rexx (text/plain) in CBT.V508.FILE495.PDS, moved to PDS/@DMPMSTI
2025-04-04 10:40:17.168724 - Found @DMPMSTR.rexx (text/plain) in CBT.V508.FILE495.PDS, moved to PDS/@DMPMSTR
2025-04-04 10:40:17.168910 - Found @EJES.rexx (text/plain) in CBT.V508.FILE495.PDS, moved to PDS/@EJES
2025-04-04 10:40:17.169051 - Found @ENDEVOR.rexx (text/plain) in CBT.V508.FILE495.PDS, moved to PDS/@ENDEVOR
2025-04-04 10:40:17.169203 - Found @EPILOG.rexx (text/plain) in CBT.V508.FILE495.PDS, moved to PDS/@EPILOG
2025-04-04 10:40:17.169330 - Found @ESP.rexx (text/plain) in CBT.V508.FILE495.PDS, moved to PDS/@ESP
2025-04-04 10:40:17.169478 - Found @ETFACF2.rexx (text/plain) in CBT.V508.FILE495.PDS, moved to PDS/@ETFACF2
2025-04-04 10:40:17.169600 - Found @ETFRACF.rexx (text/plain) in CBT.V508.FILE495.PDS, moved to PDS/@ETFRACF
2025-04-04 10:40:17.169720 - Found @EXAMINE.rexx (text/plain) in CBT.V508.FILE495.PDS, moved to PDS/@EXAMINE
2025-04-04 10:40:17.169846 - Found @FAT.rexx (text/plain) in CBT.V508.FILE495.PDS, moved to PDS/@FAT
2025-04-04 10:40:17.169969 - Found @FAULTAN.rexx (text/plain) in CBT.V508.FILE495.PDS, moved to PDS/@FAULTAN
2025-04-04 10:40:17.170090 - Found @FDRABR.rexx (text/plain) in CBT.V508.FILE495.PDS, moved to PDS/@FDRABR
2025-04-04 10:40:17.170225 - Found @FFST.rexx (text/plain) in CBT.V508.FILE495.PDS, moved to PDS/@FFST
2025-04-04 10:40:17.170370 - Found @FILEAID.rexx (text/plain) in CBT.V508.FILE495.PDS, moved to PDS/@FILEAID
2025-04-04 10:40:17.170498 - Found @FILEIMS.rexx (text/plain) in CBT.V508.FILE495.PDS, moved to PDS/@FILEIMS
2025-04-04 10:40:17.170644 - Found @FIMGRV1.rexx (text/plain) in CBT.V508.FILE495.PDS, moved to PDS/@FIMGRV1
2025-04-04 10:40:17.170767 - Found @FIMGRV2.rexx (text/plain) in CBT.V508.FILE495.PDS, moved to PDS/@FIMGRV2
2025-04-04 10:40:17.170892 - Found @GDDMPQM.rexx (text/plain) in CBT.V508.FILE495.PDS, moved to PDS/@GDDMPQM
2025-04-04 10:40:17.171018 - Found @GRSMON.rexx (text/plain) in CBT.V508.FILE495.PDS, moved to PDS/@GRSMON
2025-04-04 10:40:17.171143 - Found @GRSMON1.rexx (text/plain) in CBT.V508.FILE495.PDS, moved to PDS/@GRSMON1
2025-04-04 10:40:17.171279 - Found @HCD.rexx (text/plain) in CBT.V508.FILE495.PDS, moved to PDS/@HCD
2025-04-04 10:40:17.171421 - Found @IAM.rexx (text/plain) in CBT.V508.FILE495.PDS, moved to PDS/@IAM
2025-04-04 10:40:17.171548 - Found @ICSF.rexx (text/plain) in CBT.V508.FILE495.PDS, moved to PDS/@ICSF
2025-04-04 10:40:17.171691 - Found @IEF.rexx (text/plain) in CBT.V508.FILE495.PDS, moved to PDS/@IEF
2025-04-04 10:40:17.171808 - Found @IMOD.rexx (text/plain) in CBT.V508.FILE495.PDS, moved to PDS/@IMOD
2025-04-04 10:40:17.171937 - Found @INFOCTR.rexx (text/plain) in CBT.V508.FILE495.PDS, moved to PDS/@INFOCTR
2025-04-04 10:40:17.172059 - Found @INFOPRT.rexx (text/plain) in CBT.V508.FILE495.PDS, moved to PDS/@INFOPRT
2025-04-04 10:40:17.172170 - Found @IOF.rexx (text/plain) in CBT.V508.FILE495.PDS, moved to PDS/@IOF
2025-04-04 10:40:17.172319 - Found @IPCS.rexx (text/plain) in CBT.V508.FILE495.PDS, moved to PDS/@IPCS
2025-04-04 10:40:17.172447 - Found @IPCSIM1.rexx (text/plain) in CBT.V508.FILE495.PDS, moved to PDS/@IPCSIM1
2025-04-04 10:40:17.172574 - Found @IPCSIM2.rexx (text/plain) in CBT.V508.FILE495.PDS, moved to PDS/@IPCSIM2
2025-04-04 10:40:17.172701 - Found @IPCSJ2.rexx (text/plain) in CBT.V508.FILE495.PDS, moved to PDS/@IPCSJ2
2025-04-04 10:40:17.172830 - Found @IPCSJ3.rexx (text/plain) in CBT.V508.FILE495.PDS, moved to PDS/@IPCSJ3
2025-04-04 10:40:17.172962 - Found @IPCSMNU.rexx (text/plain) in CBT.V508.FILE495.PDS, moved to PDS/@IPCSMNU
2025-04-04 10:40:17.173094 - Found @IPCSTC1.rexx (text/plain) in CBT.V508.FILE495.PDS, moved to PDS/@IPCSTC1
2025-04-04 10:40:17.173216 - Found @IPCSTC2.rexx (text/plain) in CBT.V508.FILE495.PDS, moved to PDS/@IPCSTC2
2025-04-04 10:40:17.173337 - Found @ISHELL.rexx (text/plain) in CBT.V508.FILE495.PDS, moved to PDS/@ISHELL
2025-04-04 10:40:17.173462 - Found @ISM.rexx (text/plain) in CBT.V508.FILE495.PDS, moved to PDS/@ISM
2025-04-04 10:40:17.173591 - Found @ISMF.rexx (text/plain) in CBT.V508.FILE495.PDS, moved to PDS/@ISMF
2025-04-04 10:40:17.173736 - Found @ISPCONF.rexx (text/plain) in CBT.V508.FILE495.PDS, moved to PDS/@ISPCONF
2025-04-04 10:40:17.173860 - Found @ISRV.rexx (text/plain) in CBT.V508.FILE495.PDS, moved to PDS/@ISRV
2025-04-04 10:40:17.174019 - Found @IXFP.rexx (text/plain) in CBT.V508.FILE495.PDS, moved to PDS/@IXFP
2025-04-04 10:40:17.174150 - Found @JCLCHEK.rexx (text/plain) in CBT.V508.FILE495.PDS, moved to PDS/@JCLCHEK
2025-04-04 10:40:17.174271 - Found @JESMSTR.rexx (text/plain) in CBT.V508.FILE495.PDS, moved to PDS/@JESMSTR
2025-04-04 10:40:17.174399 - Found @JOBTRAC.rexx (text/plain) in CBT.V508.FILE495.PDS, moved to PDS/@JOBTRAC
2025-04-04 10:40:17.174525 - Found @LANRES.rexx (text/plain) in CBT.V508.FILE495.PDS, moved to PDS/@LANRES
2025-04-04 10:40:17.174670 - Found @LOGRECV.rexx (text/plain) in CBT.V508.FILE495.PDS, moved to PDS/@LOGRECV
2025-04-04 10:40:17.174808 - Found @MQSRIES.rexx (text/plain) in CBT.V508.FILE495.PDS, moved to PDS/@MQSRIES
2025-04-04 10:40:17.174948 - Found @MQSRS52.rexx (text/plain) in CBT.V508.FILE495.PDS, moved to PDS/@MQSRS52
2025-04-04 10:40:17.175120 - Found @MQSRS53.rexx (text/plain) in CBT.V508.FILE495.PDS, moved to PDS/@MQSRS53
2025-04-04 10:40:17.175281 - Found @MXI.rexx (text/plain) in CBT.V508.FILE495.PDS, moved to PDS/@MXI
2025-04-04 10:40:17.175418 - Found @NDM.rexx (text/plain) in CBT.V508.FILE495.PDS, moved to PDS/@NDM
2025-04-04 10:40:17.175551 - Found @NETVFTP.rexx (text/plain) in CBT.V508.FILE495.PDS, moved to PDS/@NETVFTP
2025-04-04 10:40:17.175678 - Found @NPF.rexx (text/plain) in CBT.V508.FILE495.PDS, moved to PDS/@NPF
2025-04-04 10:40:17.175816 - Found @OBROWSE.rexx (text/plain) in CBT.V508.FILE495.PDS, moved to PDS/@OBROWSE
2025-04-04 10:40:17.175947 - Found @OEDIT.rexx (text/plain) in CBT.V508.FILE495.PDS, moved to PDS/@OEDIT
2025-04-04 10:40:17.176100 - Found @OMEGCIC.rexx (text/plain) in CBT.V508.FILE495.PDS, moved to PDS/@OMEGCIC
2025-04-04 10:40:17.176228 - Found @OMEGMVS.rexx (text/plain) in CBT.V508.FILE495.PDS, moved to PDS/@OMEGMVS
2025-04-04 10:40:17.176377 - Found @OMVS.rexx (text/plain) in CBT.V508.FILE495.PDS, moved to PDS/@OMVS
2025-04-04 10:40:17.176499 - Found @OPC.rexx (text/plain) in CBT.V508.FILE495.PDS, moved to PDS/@OPC
2025-04-04 10:40:17.176622 - Found @OPCINST.rexx (text/plain) in CBT.V508.FILE495.PDS, moved to PDS/@OPCINST
2025-04-04 10:40:17.176750 - Found @OPSBRW.rexx (text/plain) in CBT.V508.FILE495.PDS, moved to PDS/@OPSBRW
2025-04-04 10:40:17.176890 - Found @OPSMVS.rexx (text/plain) in CBT.V508.FILE495.PDS, moved to PDS/@OPSMVS
2025-04-04 10:40:17.177018 - Found @OSA.rexx (text/plain) in CBT.V508.FILE495.PDS, moved to PDS/@OSA
2025-04-04 10:40:17.177163 - Found @PANAPT.rexx (text/plain) in CBT.V508.FILE495.PDS, moved to PDS/@PANAPT
2025-04-04 10:40:17.177294 - Found @PANVLET.rexx (text/plain) in CBT.V508.FILE495.PDS, moved to PDS/@PANVLET
2025-04-04 10:40:17.177420 - Found @PDS.rexx (text/plain) in CBT.V508.FILE495.PDS, moved to PDS/@PDS
2025-04-04 10:40:17.177535 - Found @PDSMAN.rexx (text/plain) in CBT.V508.FILE495.PDS, moved to PDS/@PDSMAN
2025-04-04 10:40:17.177662 - Found @PERFSOL.rexx (text/plain) in CBT.V508.FILE495.PDS, moved to PDS/@PERFSOL
2025-04-04 10:40:17.177790 - Found @PLATDBT.rexx (text/plain) in CBT.V508.FILE495.PDS, moved to PDS/@PLATDBT
2025-04-04 10:40:17.177925 - Found @PLP.rexx (text/plain) in CBT.V508.FILE495.PDS, moved to PDS/@PLP
2025-04-04 10:40:17.178055 - Found @PRMTOOL.rexx (text/plain) in CBT.V508.FILE495.PDS, moved to PDS/@PRMTOOL
2025-04-04 10:40:17.178188 - Found @PROSMS.rexx (text/plain) in CBT.V508.FILE495.PDS, moved to PDS/@PROSMS
2025-04-04 10:40:17.178313 - Found @QABATCH.rexx (text/plain) in CBT.V508.FILE495.PDS, moved to PDS/@QABATCH
2025-04-04 10:40:17.178431 - Found @QMF.rexx (text/plain) in CBT.V508.FILE495.PDS, moved to PDS/@QMF
2025-04-04 10:40:17.178549 - Found @QMFOLD.rexx (text/plain) in CBT.V508.FILE495.PDS, moved to PDS/@QMFOLD
2025-04-04 10:40:17.178673 - Found @QWIKREF.rexx (text/plain) in CBT.V508.FILE495.PDS, moved to PDS/@QWIKREF
2025-04-04 10:40:17.178789 - Found @RACF.rexx (text/plain) in CBT.V508.FILE495.PDS, moved to PDS/@RACF
2025-04-04 10:40:17.178927 - Found @RA2.rexx (text/plain) in CBT.V508.FILE495.PDS, moved to PDS/@RA2
2025-04-04 10:40:17.179059 - Found @RESOLVE.rexx (text/plain) in CBT.V508.FILE495.PDS, moved to PDS/@RESOLVE
2025-04-04 10:40:17.179181 - Found @RMDS.rexx (text/plain) in CBT.V508.FILE495.PDS, moved to PDS/@RMDS
2025-04-04 10:40:17.179318 - Found @RMDSOLM.rexx (text/plain) in CBT.V508.FILE495.PDS, moved to PDS/@RMDSOLM
2025-04-04 10:40:17.179458 - Found @RMF.rexx (text/plain) in CBT.V508.FILE495.PDS, moved to PDS/@RMF
2025-04-04 10:40:17.179580 - Found @RMM.rexx (text/plain) in CBT.V508.FILE495.PDS, moved to PDS/@RMM
2025-04-04 10:40:17.179765 - Found @RRS.rexx (text/plain) in CBT.V508.FILE495.PDS, moved to PDS/@RRS
2025-04-04 10:40:17.179998 - Found @SAADMIN.rexx (text/plain) in CBT.V508.FILE495.PDS, moved to PDS/@SAADMIN
2025-04-04 10:40:17.180130 - Found @SAIOCON.rexx (text/plain) in CBT.V508.FILE495.PDS, moved to PDS/@SAIOCON
2025-04-04 10:40:17.180265 - Found @SASC.rexx (text/plain) in CBT.V508.FILE495.PDS, moved to PDS/@SASC
2025-04-04 10:40:17.180413 - Found @SCLM.rexx (text/plain) in CBT.V508.FILE495.PDS, moved to PDS/@SCLM
2025-04-04 10:40:17.180538 - Found @SDSF.rexx (text/plain) in CBT.V508.FILE495.PDS, moved to PDS/@SDSF
2025-04-04 10:40:17.180663 - Found @SDSF1.rexx (text/plain) in CBT.V508.FILE495.PDS, moved to PDS/@SDSF1
2025-04-04 10:40:17.180781 - Found @SERVPAC.rexx (text/plain) in CBT.V508.FILE495.PDS, moved to PDS/@SERVPAC
2025-04-04 10:40:17.181219 - Found @SMPE.rexx (text/plain) in CBT.V508.FILE495.PDS, moved to PDS/@SMPE
2025-04-04 10:40:17.181339 - Found @SOMOBJS.rexx (text/plain) in CBT.V508.FILE495.PDS, moved to PDS/@SOMOBJS
2025-04-04 10:40:17.181479 - Found @STROBE.rexx (text/plain) in CBT.V508.FILE495.PDS, moved to PDS/@STROBE
2025-04-04 10:40:17.181977 - Found @SUNRISE.rexx (text/plain) in CBT.V508.FILE495.PDS, moved to PDS/@SUNRISE
2025-04-04 10:40:17.182116 - Found @SVAA.rexx (text/plain) in CBT.V508.FILE495.PDS, moved to PDS/@SVAA
2025-04-04 10:40:17.182256 - Found @SYNCINT.rexx (text/plain) in CBT.V508.FILE495.PDS, moved to PDS/@SYNCINT
2025-04-04 10:40:17.182373 - Found @SYNCMSG.rexx (text/plain) in CBT.V508.FILE495.PDS, moved to PDS/@SYNCMSG
2025-04-04 10:40:17.182488 - Found @SYSVIEW.rexx (text/plain) in CBT.V508.FILE495.PDS, moved to PDS/@SYSVIEW
2025-04-04 10:40:17.182601 - Found @TABLBAS.rexx (text/plain) in CBT.V508.FILE495.PDS, moved to PDS/@TABLBAS
2025-04-04 10:40:17.182715 - Found @TAPRCLM.rexx (text/plain) in CBT.V508.FILE495.PDS, moved to PDS/@TAPRCLM
2025-04-04 10:40:17.182827 - Found @TASID.rexx (text/plain) in CBT.V508.FILE495.PDS, moved to PDS/@TASID
2025-04-04 10:40:17.182939 - Found @TASID0.rexx (text/plain) in CBT.V508.FILE495.PDS, moved to PDS/@TASID0
2025-04-04 10:40:17.183062 - Found @TDMF.rexx (text/plain) in CBT.V508.FILE495.PDS, moved to PDS/@TDMF
2025-04-04 10:40:17.183177 - Found @TSOMON.rexx (text/plain) in CBT.V508.FILE495.PDS, moved to PDS/@TSOMON
2025-04-04 10:40:17.183303 - Found @UPSTREM.rexx (text/plain) in CBT.V508.FILE495.PDS, moved to PDS/@UPSTREM
2025-04-04 10:40:17.183421 - Found @VANGARD.rexx (text/plain) in CBT.V508.FILE495.PDS, moved to PDS/@VANGARD
2025-04-04 10:40:17.183537 - Found @VIACENT.rexx (text/plain) in CBT.V508.FILE495.PDS, moved to PDS/@VIACENT
2025-04-04 10:40:17.183649 - Found @VIEW.rexx (text/plain) in CBT.V508.FILE495.PDS, moved to PDS/@VIEW
2025-04-04 10:40:17.183762 - Found @VIEWDIR.rexx (text/plain) in CBT.V508.FILE495.PDS, moved to PDS/@VIEWDIR
2025-04-04 10:40:17.183876 - Found @VMCF.rexx (text/plain) in CBT.V508.FILE495.PDS, moved to PDS/@VMCF
2025-04-04 10:40:17.183992 - Found @VPSPRNT.rexx (text/plain) in CBT.V508.FILE495.PDS, moved to PDS/@VPSPRNT
2025-04-04 10:40:17.184119 - Found @VSAMMEC.rexx (text/plain) in CBT.V508.FILE495.PDS, moved to PDS/@VSAMMEC
2025-04-04 10:40:17.184234 - Found @VTAMDMP.rexx (text/plain) in CBT.V508.FILE495.PDS, moved to PDS/@VTAMDMP
2025-04-04 10:40:17.184353 - Found @VTAMDM1.rexx (text/plain) in CBT.V508.FILE495.PDS, moved to PDS/@VTAMDM1
2025-04-04 10:40:17.184466 - Found @VTAMTRC.rexx (text/plain) in CBT.V508.FILE495.PDS, moved to PDS/@VTAMTRC
2025-04-04 10:40:17.184580 - Found @VTAMTR1.rexx (text/plain) in CBT.V508.FILE495.PDS, moved to PDS/@VTAMTR1
2025-04-04 10:40:17.184693 - Found @WLM.rexx (text/plain) in CBT.V508.FILE495.PDS, moved to PDS/@WLM
2025-04-04 10:40:17.184804 - Found @XDC.rexx (text/plain) in CBT.V508.FILE495.PDS, moved to PDS/@XDC
2025-04-04 10:40:17.184915 - Found @XMITIP.rexx (text/plain) in CBT.V508.FILE495.PDS, moved to PDS/@XMITIP
2025-04-04 10:40:17.185029 - Found @XPATH.rexx (text/plain) in CBT.V508.FILE495.PDS, moved to PDS/@XPATH
2025-04-04 10:40:17.185145 - Found @ZEKE.rexx (text/plain) in CBT.V508.FILE495.PDS, moved to PDS/@ZEKE
2025-04-04 10:40:17.185264 - Found ABRALLOC.txt (text/plain) in CBT.V508.FILE495.PDS, moved to PDS/ABRALLOC
2025-04-04 10:40:17.185394 - Found ALLUSER.bin (application/octet-stream) in CBT.V508.FILE495.PDS, moved to PDS/ALLUSER
2025-04-04 10:40:17.185494 - Found alias BOOKMGR to EOXBKMGR in CBT.V508.FILE495.PDS, moved to PDS/BOOKMGR
2025-04-04 10:40:17.185612 - Found DSNECPRI.txt (text/plain) in CBT.V508.FILE495.PDS, moved to PDS/DSNECPRI
2025-04-04 10:40:17.185741 - Found EOXBKMGR.rexx (text/plain) in CBT.V508.FILE495.PDS, moved to PDS/EOXBKMGR
2025-04-04 10:40:17.185869 - Found EOXREDIT.rexx (text/plain) in CBT.V508.FILE495.PDS, moved to PDS/EOXREDIT
2025-04-04 10:40:17.185978 - Found EOXVHELP.rexx (text/plain) in CBT.V508.FILE495.PDS, moved to PDS/EOXVHELP
2025-04-04 10:40:17.186093 - Found ERBRMFX.txt (text/plain) in CBT.V508.FILE495.PDS, moved to PDS/ERBRMFX
2025-04-04 10:40:17.186206 - Found ERB0PRM.txt (text/plain) in CBT.V508.FILE495.PDS, moved to PDS/ERB0PRM
2025-04-04 10:40:17.186322 - Found EZBDCMDS.bin (application/octet-stream) in CBT.V508.FILE495.PDS, moved to PDS/EZBDCMDS
2025-04-04 10:40:17.186453 - Found IKJTSO00.txt (text/plain) in CBT.V508.FILE495.PDS, moved to PDS/IKJTSO00
2025-04-04 10:40:17.186585 - Found ISMPANL.txt (text/plain) in CBT.V508.FILE495.PDS, moved to PDS/ISMPANL
2025-04-04 10:40:17.186697 - Found ISR@PRIM.bin (application/octet-stream) in CBT.V508.FILE495.PDS, moved to PDS/ISR@PRIM
2025-04-04 10:40:17.186814 - Found ISR@PUL2.txt (text/plain) in CBT.V508.FILE495.PDS, moved to PDS/ISR@PUL2
2025-04-04 10:40:17.186928 - Found JCKSPF.txt (text/plain) in CBT.V508.FILE495.PDS, moved to PDS/JCKSPF
2025-04-04 10:40:17.187046 - Found OY59638.txt (text/plain) in CBT.V508.FILE495.PDS, moved to PDS/OY59638
2025-04-04 10:40:17.187164 - Found PERSISPF.rexx (text/plain) in CBT.V508.FILE495.PDS, moved to PDS/PERSISPF
2025-04-04 10:40:17.187336 - Found SHAREDOC.doc (application/msword) in CBT.V508.FILE495.PDS, moved to docs/SHAREDOC.doc
2025-04-04 10:40:17.187469 - Found TBPRIM.txt (text/plain) in CBT.V508.FILE495.PDS, moved to PDS/TBPRIM
2025-04-04 10:40:17.187608 - Found TSOAPPL.txt (text/plain) in CBT.V508.FILE495.PDS, moved to PDS/TSOAPPL
2025-04-04 10:40:17.187729 - Found TSOAPPL#.bin (application/octet-stream) in CBT.V508.FILE495.PDS, moved to PDS/TSOAPPL#
2025-04-04 10:40:17.187857 - Found TSOLOGON.rexx (text/plain) in CBT.V508.FILE495.PDS, moved to PDS/TSOLOGON
2025-04-04 10:40:17.187974 - Found TSOSYSP.txt (text/plain) in CBT.V508.FILE495.PDS, moved to PDS/TSOSYSP
2025-04-04 10:40:17.188088 - Found TSOSYSP#.bin (application/octet-stream) in CBT.V508.FILE495.PDS, moved to PDS/TSOSYSP#
2025-04-04 10:40:17.188198 - Found UMISPFP.bin (application/octet-stream) in CBT.V508.FILE495.PDS, moved to PDS/UMISPFP
